<?xml version="1.0" encoding="utf-8"?>
<TestRun id="11a60ad8-3114-42df-9d99-4f476cac6b32" name="vmishra@DELL-F8JTRG3 2023-05-17 15:59:07" runUser="AD\vmishra" xmlns="http://microsoft.com/schemas/VisualStudio/TeamTest/2010">
  <Times creation="2023-05-17T15:59:07.8257438+05:30" queuing="2023-05-17T15:59:07.8257438+05:30" start="2023-05-17T15:59:07.3422079+05:30" finish="2023-05-17T15:59:07.8492721+05:30" />
  <TestSettings name="default" id="7a882dc8-1e29-4a6d-8c90-e59185174b94">
    <Deployment runDeploymentRoot="vmishra_DELL-F8JTRG3_2023-05-17_15_59_07" />
  </TestSettings>
  <Results>
    <UnitTestResult executionId="854a60de-0266-47ca-b69d-54e37faed1da" testId="4a46d3f6-3142-ef6c-9224-14971fe2b947" testName="TestMethod1" computerName="DELL-F8JTRG3" duration="00:00:00.0079814" startTime="2023-05-17T15:59:07.6562033+05:30" endTime="2023-05-17T15:59:07.6995263+05:30" testType="13cdc9d9-ddb5-4fa4-a97d-d965ccfc6d4b" outcome="Passed" testListId="8c84fa94-04c1-424b-9868-57a2d4851a1d" relativeResultsDirectory="854a60de-0266-47ca-b69d-54e37faed1da" />
  </Results>
  <TestDefinitions>
    <UnitTest name="TestMethod1" storage="d:\netwebapp proj\surveywebappwithtestcase\unittestsurveywebapp\bin\debug\unittestsurveywebapp.dll" id="4a46d3f6-3142-ef6c-9224-14971fe2b947">
      <Execution id="854a60de-0266-47ca-b69d-54e37faed1da" />
      <TestMethod codeBase="D:\NetWebApp Proj\surveyWebAppwithTestCase\UnitTestSurveyWebApp\bin\Debug\UnitTestSurveyWebApp.dll" adapterTypeName="executor://mstestadapter/v2" className="UnitTestSurveyWebApp.UnitTest1" name="TestMethod1" />
    </UnitTest>
  </TestDefinitions>
  <TestEntries>
    <TestEntry testId="4a46d3f6-3142-ef6c-9224-14971fe2b947" executionId="854a60de-0266-47ca-b69d-54e37faed1da" testListId="8c84fa94-04c1-424b-9868-57a2d4851a1d" />
  </TestEntries>
  <TestLists>
    <TestList name="Results Not in a List" id="8c84fa94-04c1-424b-9868-57a2d4851a1d" />
    <TestList name="All Loaded Results" id="19431567-8539-422a-85d7-44ee4e166bda" />
  </TestLists>
  <ResultSummary outcome="Completed">
    <Counters total="1" executed="1" passed="1" failed="0" error="0" timeout="0" aborted="0" inconclusive="0" passedButRunAborted="0" notRunnable="0" notExecuted="0" disconnected="0" warning="0" completed="0" inProgress="0" pending="0" />
  </ResultSummary>
</TestRun>